<?xml version="1.0" encoding="UTF-8"?>
<!-- Generated by org.testng.reporters.JUnitReportReporter -->
<testsuite hostname="MaheshaSR" failures="0" tests="2" name="testCases.TC001_AccountRegistrationTest" time="6.678" errors="0" timestamp="2025-01-13T14:37:07 IST" skipped="0">
  <testcase classname="testCases.TC001_AccountRegistrationTest" name="verify_account_registration" time="2.588"/>
  <testcase classname="testCases.TC001_AccountRegistrationTest" name="verify_account_registration" time="4.090"/>
</testsuite> <!-- testCases.TC001_AccountRegistrationTest -->
